[0610/122151.151:ERROR:os_crypt_win.cc(93)] Failed to decrypt: Clave no válida para utilizar en el estado especificado. (0x8009000B)
[0610/122152.616:WARNING:value_store_frontend.cc(45)] Reading mhjfbmdgcfjbbpaeojofohoefgiehjai.alarms from  failed: IO error: .../MANIFEST-000001: Unable to create sequential file (ChromeMethodBFE: 7::NewSequentialFile::1)
[0610/122351.428:ERROR:gpu_init.cc(426)] Passthrough is not supported, GL is disabled
[0610/123323.253:WARNING:angle_platform_impl.cc(48)] HLSLCompiler.cpp:257 (compileToBinary): 
C:\fakepath(102,1-6): warning X4000: use of potentially uninitialized variable (dyn_index_vec4_float4)

[0610/123323.356:WARNING:angle_platform_impl.cc(48)] HLSLCompiler.cpp:257 (compileToBinary): 
C:\fakepath(125,1): warning X4000: use of potentially uninitialized variable (f_mainImage)

[0610/123323.513:WARNING:angle_platform_impl.cc(48)] HLSLCompiler.cpp:257 (compileToBinary): 
C:\fakepath(135,1): warning X4000: use of potentially uninitialized variable (f_i)
C:\fakepath(137,1): warning X4000: use of potentially uninitialized variable (f_i)
C:\fakepath(173,1): warning X4000: use of potentially uninitialized variable (f_u)

[0610/123324.608:ERROR:gl_utils.cc(314)] [.WebGL-000004A8A5FD6800] GL_INVALID_OPERATION: Two textures of different types use the same sampler location.
[0610/123324.609:ERROR:gl_utils.cc(314)] [.WebGL-000004A8A5FD6800] GL_INVALID_OPERATION: Two textures of different types use the same sampler location.
[0610/123324.626:ERROR:gl_utils.cc(314)] [.WebGL-000004A8A5FD6800] GL_INVALID_OPERATION: Two textures of different types use the same sampler location.
[0610/123324.626:ERROR:gl_utils.cc(314)] [.WebGL-000004A8A5FD6800] GL_INVALID_OPERATION: Two textures of different types use the same sampler location.
[0610/123324.643:ERROR:gl_utils.cc(314)] [.WebGL-000004A8A5FD6800] GL_INVALID_OPERATION: Two textures of different types use the same sampler location.
[0610/123324.643:ERROR:gl_utils.cc(314)] [.WebGL-000004A8A5FD6800] GL_INVALID_OPERATION: Two textures of different types use the same sampler location.
[0610/123324.643:ERROR:gl_utils.cc(314)] [.WebGL-000004A8A5FD6800] GL_INVALID_OPERATION: Two textures of different types use the same sampler location.
[0610/123324.643:ERROR:gl_utils.cc(314)] [.WebGL-000004A8A5FD6800] GL_INVALID_OPERATION: Two textures of different types use the same sampler location.
[0610/123324.752:WARNING:angle_platform_impl.cc(48)] HLSLCompiler.cpp:257 (compileToBinary): 
C:\fakepath(165,1): warning X4000: use of potentially uninitialized variable (f_renderMipMapLevel)

[0610/123555.723:WARNING:spdy_session.cc(3431)] Received HEADERS for invalid stream 521
[0610/123607.883:WARNING:angle_platform_impl.cc(48)] HLSLCompiler.cpp:257 (compileToBinary): 
C:\fakepath(125,1): warning X4000: use of potentially uninitialized variable (f_mainImage)

[0610/123607.973:WARNING:angle_platform_impl.cc(48)] HLSLCompiler.cpp:257 (compileToBinary): 
C:\fakepath(135,1): warning X4000: use of potentially uninitialized variable (f_i)
C:\fakepath(137,1): warning X4000: use of potentially uninitialized variable (f_i)
C:\fakepath(173,1): warning X4000: use of potentially uninitialized variable (f_u)

[0610/123608.693:ERROR:gl_utils.cc(314)] [.WebGL-000003FFB0961480] GL_INVALID_OPERATION: Two textures of different types use the same sampler location.
[0610/123608.693:ERROR:gl_utils.cc(314)] [.WebGL-000003FFB0961480] GL_INVALID_OPERATION: Two textures of different types use the same sampler location.
[0610/123608.693:ERROR:gl_utils.cc(314)] [.WebGL-000003FFB0961480] GL_INVALID_OPERATION: Two textures of different types use the same sampler location.
[0610/123608.693:ERROR:gl_utils.cc(314)] [.WebGL-000003FFB0961480] GL_INVALID_OPERATION: Two textures of different types use the same sampler location.
[0610/123608.745:ERROR:gl_utils.cc(314)] [.WebGL-000003FFB0961480] GL_INVALID_OPERATION: Two textures of different types use the same sampler location.
[0610/123608.745:ERROR:gl_utils.cc(314)] [.WebGL-000003FFB0961480] GL_INVALID_OPERATION: Two textures of different types use the same sampler location.
[0610/123608.745:ERROR:gl_utils.cc(314)] [.WebGL-000003FFB0961480] GL_INVALID_OPERATION: Two textures of different types use the same sampler location.
[0610/123608.745:ERROR:gl_utils.cc(314)] [.WebGL-000003FFB0961480] GL_INVALID_OPERATION: Two textures of different types use the same sampler location.
[0610/123608.858:WARNING:angle_platform_impl.cc(48)] HLSLCompiler.cpp:257 (compileToBinary): 
C:\fakepath(165,1): warning X4000: use of potentially uninitialized variable (f_renderMipMapLevel)

[0610/123631.163:WARNING:spdy_session.cc(3431)] Received HEADERS for invalid stream 631
[0610/123758.714:WARNING:angle_platform_impl.cc(48)] HLSLCompiler.cpp:257 (compileToBinary): 
C:\fakepath(102,1-6): warning X4000: use of potentially uninitialized variable (dyn_index_vec4_float4)

[0610/123758.790:WARNING:angle_platform_impl.cc(48)] HLSLCompiler.cpp:257 (compileToBinary): 
C:\fakepath(125,1): warning X4000: use of potentially uninitialized variable (f_mainImage)

[0610/123758.863:WARNING:angle_platform_impl.cc(48)] HLSLCompiler.cpp:257 (compileToBinary): 
C:\fakepath(135,1): warning X4000: use of potentially uninitialized variable (f_i)
C:\fakepath(137,1): warning X4000: use of potentially uninitialized variable (f_i)
C:\fakepath(173,1): warning X4000: use of potentially uninitialized variable (f_u)

[0610/123759.443:ERROR:gl_utils.cc(314)] [.WebGL-000002C48EB5D380] GL_INVALID_OPERATION: Two textures of different types use the same sampler location.
[0610/123759.443:ERROR:gl_utils.cc(314)] [.WebGL-000002C48EB5D380] GL_INVALID_OPERATION: Two textures of different types use the same sampler location.
[0610/123759.509:ERROR:gl_utils.cc(314)] [.WebGL-000002C48EB5D380] GL_INVALID_OPERATION: Two textures of different types use the same sampler location.
[0610/123759.509:ERROR:gl_utils.cc(314)] [.WebGL-000002C48EB5D380] GL_INVALID_OPERATION: Two textures of different types use the same sampler location.
[0610/123759.635:WARNING:angle_platform_impl.cc(48)] HLSLCompiler.cpp:257 (compileToBinary): 
C:\fakepath(165,1): warning X4000: use of potentially uninitialized variable (f_renderMipMapLevel)

[0610/123813.733:WARNING:angle_platform_impl.cc(48)] HLSLCompiler.cpp:257 (compileToBinary): 
C:\fakepath(102,1-6): warning X4000: use of potentially uninitialized variable (dyn_index_vec4_float4)

[0610/123813.794:WARNING:angle_platform_impl.cc(48)] HLSLCompiler.cpp:257 (compileToBinary): 
C:\fakepath(125,1): warning X4000: use of potentially uninitialized variable (f_mainImage)

[0610/123813.906:WARNING:angle_platform_impl.cc(48)] HLSLCompiler.cpp:257 (compileToBinary): 
C:\fakepath(135,1): warning X4000: use of potentially uninitialized variable (f_i)
C:\fakepath(137,1): warning X4000: use of potentially uninitialized variable (f_i)
C:\fakepath(173,1): warning X4000: use of potentially uninitialized variable (f_u)

[0610/123814.536:WARNING:angle_platform_impl.cc(48)] HLSLCompiler.cpp:257 (compileToBinary): 
C:\fakepath(381,10-38): warning X4008: floating point division by zero
C:\fakepath(381,10-38): warning X4008: floating point division by zero

[0610/123814.653:ERROR:gl_utils.cc(314)] [.WebGL-000002C48EFD8F00] GL_INVALID_OPERATION: Two textures of different types use the same sampler location.
[0610/123814.653:ERROR:gl_utils.cc(314)] [.WebGL-000002C48EFD8F00] GL_INVALID_OPERATION: Two textures of different types use the same sampler location.
[0610/123814.653:ERROR:gl_utils.cc(314)] [.WebGL-000002C48EFD8F00] GL_INVALID_OPERATION: Two textures of different types use the same sampler location.
[0610/123814.653:ERROR:gl_utils.cc(314)] [.WebGL-000002C48EFD8F00] GL_INVALID_OPERATION: Two textures of different types use the same sampler location.
[0610/123814.653:ERROR:gl_utils.cc(314)] [.WebGL-000002C48EFD8F00] GL_INVALID_OPERATION: Two textures of different types use the same sampler location.
[0610/123814.674:ERROR:gl_utils.cc(314)] [.WebGL-000002C48EFD8F00] GL_INVALID_OPERATION: Two textures of different types use the same sampler location.
[0610/123814.674:ERROR:gl_utils.cc(314)] [.WebGL-000002C48EFD8F00] GL_INVALID_OPERATION: Two textures of different types use the same sampler location.
[0610/123814.674:ERROR:gl_utils.cc(314)] [.WebGL-000002C48EFD8F00] GL_INVALID_OPERATION: Two textures of different types use the same sampler location.
[0610/123814.674:ERROR:gl_utils.cc(314)] [.WebGL-000002C48EFD8F00] GL_INVALID_OPERATION: Two textures of different types use the same sampler location.
[0610/123814.674:ERROR:gl_utils.cc(314)] [.WebGL-000002C48EFD8F00] GL_INVALID_OPERATION: Two textures of different types use the same sampler location.
[0610/123814.776:WARNING:angle_platform_impl.cc(48)] HLSLCompiler.cpp:257 (compileToBinary): 
C:\fakepath(165,1): warning X4000: use of potentially uninitialized variable (f_renderMipMapLevel)

